2023-07-18T09:24:22+00:00 ERROR GET Request: https://api.pinterest.com/ads/v4/advertisers/countries
Status Code: 401
API response: Reconnect to your Pinterest account
2023-07-18T09:24:24+00:00 ERROR GET Request: https://api.pinterest.com/ads/v4/advertisers/countries
Status Code: 401
API response: Reconnect to your Pinterest account
2023-07-18T09:43:48+00:00 ERROR GET Request: https://api.pinterest.com/ads/v4/advertisers/countries
Status Code: 401
API response: Reconnect to your Pinterest account
2023-07-18T09:44:07+00:00 ERROR GET Request: https://api.pinterest.com/ads/v4/advertisers/countries
Status Code: 401
API response: Reconnect to your Pinterest account
2023-07-18T09:46:35+00:00 ERROR GET Request: https://api.pinterest.com/ads/v4/advertisers/countries
Status Code: 401
API response: Reconnect to your Pinterest account
2023-07-18T09:46:44+00:00 ERROR GET Request: https://api.pinterest.com/ads/v4/advertisers/countries
Status Code: 401
API response: Reconnect to your Pinterest account
2023-07-18T09:50:28+00:00 ERROR GET Request: https://api.pinterest.com/ads/v4/advertisers/countries
Status Code: 401
API response: Reconnect to your Pinterest account
2023-07-18T09:50:29+00:00 ERROR GET Request: https://api.pinterest.com/ads/v4/advertisers/countries
Status Code: 401
API response: Reconnect to your Pinterest account
2023-07-18T09:50:39+00:00 ERROR GET Request: https://api.pinterest.com/ads/v4/advertisers/countries
Status Code: 401
API response: Reconnect to your Pinterest account
2023-07-18T09:50:58+00:00 ERROR GET Request: https://api.pinterest.com/ads/v4/advertisers/countries
Status Code: 401
API response: Reconnect to your Pinterest account
2023-07-18T09:54:48+00:00 ERROR GET Request: https://api.pinterest.com/ads/v4/advertisers/countries
Status Code: 401
API response: Reconnect to your Pinterest account
2023-07-18T09:55:10+00:00 ERROR GET Request: https://api.pinterest.com/ads/v4/advertisers/countries
Status Code: 401
API response: Reconnect to your Pinterest account
2023-07-18T09:55:12+00:00 ERROR GET Request: https://api.pinterest.com/ads/v4/advertisers/countries
Status Code: 401
API response: Reconnect to your Pinterest account
2023-07-18T09:55:13+00:00 ERROR GET Request: https://api.pinterest.com/ads/v4/advertisers/countries
Status Code: 401
API response: Reconnect to your Pinterest account
2023-07-18T10:00:02+00:00 ERROR GET Demande : https://api.pinterest.com/ads/v4/advertisers/countries
Code du statut : 401
Réponse API : Reconnectez-vous à votre compte Pinterest
2023-07-18T10:00:03+00:00 ERROR GET Demande : https://api.pinterest.com/ads/v4/advertisers/countries
Code du statut : 401
Réponse API : Reconnectez-vous à votre compte Pinterest
2023-07-18T10:04:05+00:00 ERROR GET Demande : https://api.pinterest.com/ads/v4/advertisers/countries
Code du statut : 401
Réponse API : Reconnectez-vous à votre compte Pinterest
2023-07-18T10:04:15+00:00 ERROR GET Demande : https://api.pinterest.com/ads/v4/advertisers/countries
Code du statut : 401
Réponse API : Reconnectez-vous à votre compte Pinterest
2023-07-18T10:04:34+00:00 ERROR GET Demande : https://api.pinterest.com/ads/v4/advertisers/countries
Code du statut : 401
Réponse API : Reconnectez-vous à votre compte Pinterest
2023-07-18T10:05:58+00:00 ERROR GET Demande : https://api.pinterest.com/ads/v4/advertisers/countries
Code du statut : 401
Réponse API : Reconnectez-vous à votre compte Pinterest
2023-07-18T10:06:07+00:00 ERROR GET Demande : https://api.pinterest.com/ads/v4/advertisers/countries
Code du statut : 401
Réponse API : Reconnectez-vous à votre compte Pinterest
2023-07-18T10:06:16+00:00 ERROR GET Demande : https://api.pinterest.com/ads/v4/advertisers/countries
Code du statut : 401
Réponse API : Reconnectez-vous à votre compte Pinterest
2023-07-18T10:07:29+00:00 ERROR GET Demande : https://api.pinterest.com/ads/v4/advertisers/countries
Code du statut : 401
Réponse API : Reconnectez-vous à votre compte Pinterest
2023-07-18T22:17:41+00:00 ERROR GET Demande : https://api.pinterest.com/ads/v4/advertisers/countries
Code du statut : 401
Réponse API : Reconnectez-vous à votre compte Pinterest
2023-07-18T22:17:47+00:00 ERROR GET Demande : https://api.pinterest.com/ads/v4/advertisers/countries
Code du statut : 401
Réponse API : Reconnectez-vous à votre compte Pinterest
